INFO: [HLS 200-0] Workspace C:/Users/User/Documents/sistema_de_posicionamiento_REVISAR/Nueva_carpeta2/Early_Adopter-Pos_System/Miguel_source/HLS/Det_Max_v3/Max_Det/solution1 opened at Fri Sep 22 10:52:50 +0200 2023
Execute     config_clock -quiet -name default -period 10 -default=false 
INFO: [SYN 201-201] Setting up clock 'default' with a period of 10ns.
Command     config_clock returned 0; 0.001 sec.
Execute     open_platform DefaultPlatform 
Command     open_platform returned 0; 0 sec.
Execute     import_lib C:/Xilinx/Vivado/2017.4/common/technology/xilinx/zynq/zynq 
Execute       source C:/Xilinx/Vivado/2017.4/common/technology/xilinx/common/xilinx.lib 
Execute         source C:/Xilinx/Vivado/2017.4/common/technology/xilinx/interface/xilinx_interface.lib 
Execute           source C:/Xilinx/Vivado/2017.4/common/technology/xilinx/interface/plb46.lib 
Command           ap_source returned 0; 0 sec.
Execute           source C:/Xilinx/Vivado/2017.4/common/technology/xilinx/interface/fsl.lib 
Command           ap_source returned 0; 0.001 sec.
Execute           source C:/Xilinx/Vivado/2017.4/common/technology/xilinx/interface/axi4.lib 
Command           ap_source returned 0; 0 sec.
Execute           source C:/Xilinx/Vivado/2017.4/common/technology/xilinx/interface/maxi.lib 
Command           ap_source returned 0; 0.001 sec.
Execute           source C:/Xilinx/Vivado/2017.4/common/technology/xilinx/interface/saxilite.lib 
Command           ap_source returned 0; 0 sec.
Command         ap_source returned 0; 0.004 sec.
Execute         source C:/Xilinx/Vivado/2017.4/common/technology/xilinx/common/dsp48.lib 
Command         ap_source returned 0; 0 sec.
Execute         source C:/Xilinx/Vivado/2017.4/common/technology/xilinx/ip/dds_compiler.lib 
Command         ap_source returned 0; 0 sec.
Execute         source C:/Xilinx/Vivado/2017.4/common/technology/xilinx/ip/xfft.lib 
Command         ap_source returned 0; 0.001 sec.
Execute         source C:/Xilinx/Vivado/2017.4/common/technology/xilinx/ip/xfir.lib 
Command         ap_source returned 0; 0 sec.
Command       ap_source returned 0; 0.008 sec.
Execute       source C:/Xilinx/Vivado/2017.4/common/technology/xilinx/common/xilinx_old.lib 
Command       ap_source returned 0; 0.001 sec.
Execute       source C:/Xilinx/Vivado/2017.4/common/technology/xilinx/common/xilinx_vivado.lib 
Command       ap_source returned 0; 0.001 sec.
Execute       source C:/Xilinx/Vivado/2017.4/common/technology/xilinx/common/xilinx.hlp 
Execute         source C:/Xilinx/Vivado/2017.4/common/technology/xilinx/common/target_info.tcl 
Command         ap_source returned 0; 0.002 sec.
Execute         source C:/Xilinx/Vivado/2017.4/common/technology/xilinx/interface/xilinx_interface.hlp 
Execute           source C:/Xilinx/Vivado/2017.4/common/technology/xilinx/interface/maxi.hlp 
Command           ap_source returned 0; 0.001 sec.
Execute           source C:/Xilinx/Vivado/2017.4/common/technology/xilinx/interface/saxilite.hlp 
Command           ap_source returned 0; 0 sec.
Command         ap_source returned 0; 0.001 sec.
Execute         source C:/Xilinx/Vivado/2017.4/common/technology/xilinx/common/dsp48.hlp 
Command         ap_source returned 0; 0.002 sec.
Command       ap_source returned 0; 0.006 sec.
Execute       source C:/Xilinx/Vivado/2017.4/common/technology/xilinx/zynq/dsp48e1.hlp 
Command       ap_source returned 0; 0 sec.
Execute       get_default_platform 
Command       get_default_platform returned 0; 0 sec.
Execute       config_chip_info -quiet -resource  {SLICE 13300}  {LUT 53200}     {FF 106400} {DSP48E 220}   {BRAM 280}  
Command       config_chip_info returned 0; 0 sec.
Execute       config_chip_info -quiet -speed medium 
Command       config_chip_info returned 0; 0 sec.
Execute       source C:/Xilinx/Vivado/2017.4/common/technology/xilinx/common/xilinx.hlp 
Execute         source C:/Xilinx/Vivado/2017.4/common/technology/xilinx/common/target_info.tcl 
Command         ap_source returned 0; 0.002 sec.
Execute         source C:/Xilinx/Vivado/2017.4/common/technology/xilinx/interface/xilinx_interface.hlp 
Execute           source C:/Xilinx/Vivado/2017.4/common/technology/xilinx/interface/maxi.hlp 
Command           ap_source returned 0; 0.001 sec.
Execute           source C:/Xilinx/Vivado/2017.4/common/technology/xilinx/interface/saxilite.hlp 
Command           ap_source returned 0; 0 sec.
Command         ap_source returned 0; 0.001 sec.
Execute         source C:/Xilinx/Vivado/2017.4/common/technology/xilinx/common/dsp48.hlp 
Command         ap_source returned 0; 0.001 sec.
Command       ap_source returned 0; 0.006 sec.
Command     import_lib returned 0; 0.026 sec.
Execute     source C:/Xilinx/Vivado/2017.4/common/technology/xilinx/zynq/zynq.gen 
Execute       source C:/Xilinx/Vivado/2017.4/common/technology/xilinx/common/virtex.gen 
Execute         source C:/Xilinx/Vivado/2017.4/common/technology/xilinx/common/xilinx.gen 
Execute           source C:/Xilinx/Vivado/2017.4/common/technology/xilinx/interface/plb46.gen 
Command           ap_source returned 0; 0.002 sec.
Execute           source C:/Xilinx/Vivado/2017.4/common/technology/xilinx/interface/fsl.gen 
Command           ap_source returned 0; 0 sec.
Execute           source C:/Xilinx/Vivado/2017.4/common/technology/xilinx/interface/axi4.gen 
Command           ap_source returned 0; 0.002 sec.
Execute           source C:/Xilinx/Vivado/2017.4/common/technology/xilinx/interface/nativeAXI4.gen 
Execute             source C:/Xilinx/Vivado/2017.4/common/technology/xilinx/interface/saxilite.gen 
Command             ap_source returned 0; 0.002 sec.
Execute             source C:/Xilinx/Vivado/2017.4/common/technology/xilinx/interface/maxi.gen 
Command             ap_source returned 0; 0.006 sec.
Command           ap_source returned 0; 0.009 sec.
Execute           source C:/Xilinx/Vivado/2017.4/common/technology/xilinx/scripts/xilinxcoregen.gen 
Command           ap_source returned 0; 0.008 sec.
Execute           source C:/Xilinx/Vivado/2017.4/common/technology/xilinx/interface/XilEDKCoreGen.gen 
Command           ap_source returned 0; 0.006 sec.
Execute           source C:/Xilinx/Vivado/2017.4/common/technology/xilinx/ip/dds_compiler.gen 
Command           ap_source returned 0; 0.003 sec.
Execute           source C:/Xilinx/Vivado/2017.4/common/technology/xilinx/ip/util.gen 
Command           ap_source returned 0; 0 sec.
Execute           source C:/Xilinx/Vivado/2017.4/common/technology/xilinx/ip/xfft.gen 
Command           ap_source returned 0; 0.067 sec.
Execute           source C:/Xilinx/Vivado/2017.4/common/technology/xilinx/ip/xfir.gen 
Command           ap_source returned 0; 0.001 sec.
Command         ap_source returned 0; 0.098 sec.
Execute         source C:/Xilinx/Vivado/2017.4/common/technology/xilinx/common/dsp48.gen 
Command         ap_source returned 0; 0.001 sec.
Command       ap_source returned 0; 0.101 sec.
Command     ap_source returned 0; 0.102 sec.
Execute     open_platform DefaultPlatform 
Command     open_platform returned 0; 0 sec.
Execute     import_lib C:/Xilinx/Vivado/2017.4/common/technology/xilinx/zynq/zynq_fpv6 
Execute       source C:/Xilinx/Vivado/2017.4/common/technology/xilinx/common/xilinx_fpv7.lib 
Execute         source C:/Xilinx/Vivado/2017.4/common/technology/xilinx/common/xilinx_hp.lib 
Command         ap_source returned 0; 0.001 sec.
Command       ap_source returned 0; 0.003 sec.
Execute       source C:/Xilinx/Vivado/2017.4/common/technology/xilinx/common/xilinx_fpv.hlp 
Execute         source C:/Xilinx/Vivado/2017.4/common/technology/xilinx/common/xilinx.hlp 
Execute           source C:/Xilinx/Vivado/2017.4/common/technology/xilinx/common/target_info.tcl 
Command           ap_source returned 0; 0.002 sec.
Execute           source C:/Xilinx/Vivado/2017.4/common/technology/xilinx/interface/xilinx_interface.hlp 
Execute             source C:/Xilinx/Vivado/2017.4/common/technology/xilinx/interface/maxi.hlp 
Command             ap_source returned 0; 0.001 sec.
Execute             source C:/Xilinx/Vivado/2017.4/common/technology/xilinx/interface/saxilite.hlp 
Command             ap_source returned 0; 0 sec.
Command           ap_source returned 0; 0.001 sec.
Execute           source C:/Xilinx/Vivado/2017.4/common/technology/xilinx/common/dsp48.hlp 
Command           ap_source returned 0; 0.002 sec.
Command         ap_source returned 0; 0.006 sec.
Command       ap_source returned 0; 0.007 sec.
Execute       source C:/Xilinx/Vivado/2017.4/common/technology/xilinx/zynq/zynq_hp.hlp 
Command       ap_source returned 0; 0.002 sec.
Command     import_lib returned 0; 0.021 sec.
Execute     source C:/Xilinx/Vivado/2017.4/common/technology/xilinx/zynq/zynq_fpv6.gen 
Execute       source C:/Xilinx/Vivado/2017.4/common/technology/xilinx/common/xilinx_fpv6.gen 
Command       ap_source returned 0; 0.001 sec.
Command     ap_source returned 0; 0.002 sec.
Execute     set_part xc7z045ffg900-2 
Execute       add_library xilinx/zynq/zynq:xc7z045:ffg900:-2 
Execute         get_default_platform 
Command         get_default_platform returned 0; 0 sec.
Execute         license_isbetapart xc7z045 
Command         license_isbetapart returned 1; 0.022 sec.
Execute         get_default_platform 
Command         get_default_platform returned 0; 0 sec.
Execute         config_chip_info -quiet -resource  {SLICE 54650}  {LUT 218600}    {FF 437200} {DSP48E 900}   {BRAM 1090}  
Command         config_chip_info returned 0; 0 sec.
Execute         config_chip_info -quiet -speed medium 
Command         config_chip_info returned 0; 0 sec.
Command       add_library returned 0; 0.032 sec.
Execute       add_library xilinx/zynq/zynq_fpv6 
Execute         get_default_platform 
Command         get_default_platform returned 0; 0 sec.
Command       add_library returned 0; 0.005 sec.
INFO: [HLS 200-10] Setting target device to 'xc7z045ffg900-2'
Execute       get_default_platform 
Command       get_default_platform returned 0; 0 sec.
Command     set_part returned 0; 0.065 sec.
Execute     get_default_platform 
Command     get_default_platform returned 0; 0 sec.
Execute     config_chip_info -quiet -resource  {SLICE 54650}  {LUT 218600}    {FF 437200} {DSP48E 900}   {BRAM 1090}  
Command     config_chip_info returned 0; 0 sec.
Execute     config_chip_info -quiet -speed medium 
Command     config_chip_info returned 0; 0 sec.
Command   open_solution returned 0; 0.251 sec.
Execute   export_design -rtl vhdl -format ip_catalog -version 1.0.0 
Execute     source C:/Users/User/Documents/sistema_de_posicionamiento_REVISAR/Nueva_carpeta2/Early_Adopter-Pos_System/Miguel_source/HLS/Det_Max_v3/Max_Det/solution1/.autopilot/db/global.setting.tcl 
Command     ap_source returned 0; 0.002 sec.
Execute     source C:/Xilinx/Vivado/2017.4/common/technology/generic/autopilot/common.gen 
Execute       source C:/Xilinx/Vivado/2017.4/common/technology/generic/autopilot/APCoreGen.gen 
Command       ap_source returned 0; 0 sec.
Command     ap_source returned 0; 0.002 sec.
Execute     source C:/Xilinx/Vivado/2017.4/common/technology/generic/autopilot/op.gen 
Command     ap_source returned 0; 0 sec.
Execute     source C:/Xilinx/Vivado/2017.4/common/technology/generic/autopilot/op_simcore.gen 
Command     ap_source returned 0; 0.002 sec.
Execute     source C:/Xilinx/Vivado/2017.4/common/technology/generic/autopilot/interface.gen 
Command     ap_source returned 0; 0 sec.
Execute     source C:/Users/User/Documents/sistema_de_posicionamiento_REVISAR/Nueva_carpeta2/Early_Adopter-Pos_System/Miguel_source/HLS/Det_Max_v3/Max_Det/solution1/.autopilot/db/global.setting.tcl 
Command     ap_source returned 0; 0.002 sec.
Execute     source C:/Xilinx/Vivado/2017.4/common/technology/xilinx/zynq/zynq.gen 
Execute       source C:/Xilinx/Vivado/2017.4/common/technology/xilinx/common/virtex.gen 
Execute         source C:/Xilinx/Vivado/2017.4/common/technology/xilinx/common/xilinx.gen 
Execute           source C:/Xilinx/Vivado/2017.4/common/technology/xilinx/interface/plb46.gen 
Command           ap_source returned 0; 0.002 sec.
Execute           source C:/Xilinx/Vivado/2017.4/common/technology/xilinx/interface/fsl.gen 
Command           ap_source returned 0; 0 sec.
Execute           source C:/Xilinx/Vivado/2017.4/common/technology/xilinx/interface/axi4.gen 
Command           ap_source returned 0; 0.002 sec.
Execute           source C:/Xilinx/Vivado/2017.4/common/technology/xilinx/interface/nativeAXI4.gen 
Execute             source C:/Xilinx/Vivado/2017.4/common/technology/xilinx/interface/saxilite.gen 
Command             ap_source returned 0; 0.002 sec.
Execute             source C:/Xilinx/Vivado/2017.4/common/technology/xilinx/interface/maxi.gen 
Command             ap_source returned 0; 0.005 sec.
Command           ap_source returned 0; 0.009 sec.
Execute           source C:/Xilinx/Vivado/2017.4/common/technology/xilinx/scripts/xilinxcoregen.gen 
Command           ap_source returned 0; 0.009 sec.
Execute           source C:/Xilinx/Vivado/2017.4/common/technology/xilinx/interface/XilEDKCoreGen.gen 
Command           ap_source returned 0; 0.006 sec.
Execute           source C:/Xilinx/Vivado/2017.4/common/technology/xilinx/ip/dds_compiler.gen 
Command           ap_source returned 0; 0.002 sec.
Execute           source C:/Xilinx/Vivado/2017.4/common/technology/xilinx/ip/util.gen 
Command           ap_source returned 0; 0.001 sec.
Execute           source C:/Xilinx/Vivado/2017.4/common/technology/xilinx/ip/xfft.gen 
Command           ap_source returned 0; 0.062 sec.
Execute           source C:/Xilinx/Vivado/2017.4/common/technology/xilinx/ip/xfir.gen 
Command           ap_source returned 0; 0.002 sec.
Command         ap_source returned 0; 0.096 sec.
Execute         source C:/Xilinx/Vivado/2017.4/common/technology/xilinx/common/dsp48.gen 
Command         ap_source returned 0; 0.001 sec.
Command       ap_source returned 0; 0.099 sec.
Command     ap_source returned 0; 0.1 sec.
Execute     source C:/Xilinx/Vivado/2017.4/common/technology/xilinx/zynq/zynq_fpv6.gen 
Execute       source C:/Xilinx/Vivado/2017.4/common/technology/xilinx/common/xilinx_fpv6.gen 
Command       ap_source returned 0; 0.001 sec.
Command     ap_source returned 0; 0.002 sec.
Execute     source C:/Users/User/Documents/sistema_de_posicionamiento_REVISAR/Nueva_carpeta2/Early_Adopter-Pos_System/Miguel_source/HLS/Det_Max_v3/Max_Det/solution1/.autopilot/db/global.setting.tcl 
Command     ap_source returned 0; 0.002 sec.
INFO: [IMPL 213-8] Exporting RTL as a Vivado IP.
Execute     source C:/Users/User/Documents/sistema_de_posicionamiento_REVISAR/Nueva_carpeta2/Early_Adopter-Pos_System/Miguel_source/HLS/Det_Max_v3/Max_Det/solution1/.autopilot/db/global.setting.tcl 
Command     ap_source returned 0; 0.002 sec.
Execute     source C:/Users/User/Documents/sistema_de_posicionamiento_REVISAR/Nueva_carpeta2/Early_Adopter-Pos_System/Miguel_source/HLS/Det_Max_v3/Max_Det/solution1/.autopilot/db/global.setting.tcl 
Command     ap_source returned 0; 0.002 sec.
Execute     source C:/Xilinx/Vivado/2017.4/common/technology/generic/autopilot/common.gen 
Execute       source C:/Xilinx/Vivado/2017.4/common/technology/generic/autopilot/APCoreGen.gen 
Command       ap_source returned 0; 0 sec.
Command     ap_source returned 0; 0.002 sec.
Execute     source C:/Xilinx/Vivado/2017.4/common/technology/generic/autopilot/op.gen 
Command     ap_source returned 0; 0 sec.
Execute     source C:/Xilinx/Vivado/2017.4/common/technology/generic/autopilot/op_simcore.gen 
Command     ap_source returned 0; 0.002 sec.
Execute     source C:/Xilinx/Vivado/2017.4/common/technology/generic/autopilot/interface.gen 
Command     ap_source returned 0; 0 sec.
Execute     source C:/Users/User/Documents/sistema_de_posicionamiento_REVISAR/Nueva_carpeta2/Early_Adopter-Pos_System/Miguel_source/HLS/Det_Max_v3/Max_Det/solution1/.autopilot/db/global.setting.tcl 
Command     ap_source returned 0; 0.002 sec.
Execute     source C:/Xilinx/Vivado/2017.4/common/technology/xilinx/zynq/zynq.gen 
Execute       source C:/Xilinx/Vivado/2017.4/common/technology/xilinx/common/virtex.gen 
Execute         source C:/Xilinx/Vivado/2017.4/common/technology/xilinx/common/xilinx.gen 
Execute           source C:/Xilinx/Vivado/2017.4/common/technology/xilinx/interface/plb46.gen 
Command           ap_source returned 0; 0.002 sec.
Execute           source C:/Xilinx/Vivado/2017.4/common/technology/xilinx/interface/fsl.gen 
Command           ap_source returned 0; 0 sec.
Execute           source C:/Xilinx/Vivado/2017.4/common/technology/xilinx/interface/axi4.gen 
Command           ap_source returned 0; 0.002 sec.
Execute           source C:/Xilinx/Vivado/2017.4/common/technology/xilinx/interface/nativeAXI4.gen 
Execute             source C:/Xilinx/Vivado/2017.4/common/technology/xilinx/interface/saxilite.gen 
Command             ap_source returned 0; 0.002 sec.
Execute             source C:/Xilinx/Vivado/2017.4/common/technology/xilinx/interface/maxi.gen 
Command             ap_source returned 0; 0.006 sec.
Command           ap_source returned 0; 0.009 sec.
Execute           source C:/Xilinx/Vivado/2017.4/common/technology/xilinx/scripts/xilinxcoregen.gen 
Command           ap_source returned 0; 0.008 sec.
Execute           source C:/Xilinx/Vivado/2017.4/common/technology/xilinx/interface/XilEDKCoreGen.gen 
Command           ap_source returned 0; 0.005 sec.
Execute           source C:/Xilinx/Vivado/2017.4/common/technology/xilinx/ip/dds_compiler.gen 
Command           ap_source returned 0; 0.002 sec.
Execute           source C:/Xilinx/Vivado/2017.4/common/technology/xilinx/ip/util.gen 
Command           ap_source returned 0; 0.001 sec.
Execute           source C:/Xilinx/Vivado/2017.4/common/technology/xilinx/ip/xfft.gen 
Command           ap_source returned 0; 0.062 sec.
Execute           source C:/Xilinx/Vivado/2017.4/common/technology/xilinx/ip/xfir.gen 
Command           ap_source returned 0; 0.001 sec.
Command         ap_source returned 0; 0.093 sec.
Execute         source C:/Xilinx/Vivado/2017.4/common/technology/xilinx/common/dsp48.gen 
Command         ap_source returned 0; 0.001 sec.
Command       ap_source returned 0; 0.096 sec.
Command     ap_source returned 0; 0.097 sec.
Execute     source C:/Xilinx/Vivado/2017.4/common/technology/xilinx/zynq/zynq_fpv6.gen 
Execute       source C:/Xilinx/Vivado/2017.4/common/technology/xilinx/common/xilinx_fpv6.gen 
Command       ap_source returned 0; 0.002 sec.
Command     ap_source returned 0; 0.003 sec.
Execute     source C:/Users/User/Documents/sistema_de_posicionamiento_REVISAR/Nueva_carpeta2/Early_Adopter-Pos_System/Miguel_source/HLS/Det_Max_v3/Max_Det/solution1/.autopilot/db/max_det.rtl_wrap.cfg.tcl 
Command     ap_source returned 0; 0.002 sec.
Execute     source C:/Users/User/Documents/sistema_de_posicionamiento_REVISAR/Nueva_carpeta2/Early_Adopter-Pos_System/Miguel_source/HLS/Det_Max_v3/Max_Det/solution1/.autopilot/db/max_det.rtl_wrap.cfg.tcl 
Command     ap_source returned 0; 0.002 sec.
Execute     source C:/Users/User/Documents/sistema_de_posicionamiento_REVISAR/Nueva_carpeta2/Early_Adopter-Pos_System/Miguel_source/HLS/Det_Max_v3/Max_Det/solution1/.autopilot/db/max_det.rtl_wrap.cfg.tcl 
Command     ap_source returned 0; 0.002 sec.
Execute     source C:/Users/User/Documents/sistema_de_posicionamiento_REVISAR/Nueva_carpeta2/Early_Adopter-Pos_System/Miguel_source/HLS/Det_Max_v3/Max_Det/solution1/.autopilot/db/max_det.tbgen.tcl 
Command     ap_source returned 0; 0.002 sec.
Execute     source C:/Users/User/Documents/sistema_de_posicionamiento_REVISAR/Nueva_carpeta2/Early_Adopter-Pos_System/Miguel_source/HLS/Det_Max_v3/Max_Det/solution1/.autopilot/db/max_det.tbgen.tcl 
Command     ap_source returned 0; 0.002 sec.
Execute     source C:/Users/User/Documents/sistema_de_posicionamiento_REVISAR/Nueva_carpeta2/Early_Adopter-Pos_System/Miguel_source/HLS/Det_Max_v3/Max_Det/solution1/.autopilot/db/global.setting.tcl 
Command     ap_source returned 0; 0.002 sec.
Execute     source C:/Users/User/Documents/sistema_de_posicionamiento_REVISAR/Nueva_carpeta2/Early_Adopter-Pos_System/Miguel_source/HLS/Det_Max_v3/Max_Det/solution1/.autopilot/db/max_det.compgen.tcl 
Command     ap_source returned 0; 0.003 sec.
Execute     source C:/Users/User/Documents/sistema_de_posicionamiento_REVISAR/Nueva_carpeta2/Early_Adopter-Pos_System/Miguel_source/HLS/Det_Max_v3/Max_Det/solution1/.autopilot/db/global.setting.tcl 
Command     ap_source returned 0; 0.001 sec.
Execute     source C:/Users/User/Documents/sistema_de_posicionamiento_REVISAR/Nueva_carpeta2/Early_Adopter-Pos_System/Miguel_source/HLS/Det_Max_v3/Max_Det/solution1/.autopilot/db/max_det.compgen.tcl 
Command     ap_source returned 0; 0.116 sec.
Execute     source C:/Users/User/Documents/sistema_de_posicionamiento_REVISAR/Nueva_carpeta2/Early_Adopter-Pos_System/Miguel_source/HLS/Det_Max_v3/Max_Det/solution1/.autopilot/db/global.setting.tcl 
Command     ap_source returned 0; 0.002 sec.
Execute     source C:/Users/User/Documents/sistema_de_posicionamiento_REVISAR/Nueva_carpeta2/Early_Adopter-Pos_System/Miguel_source/HLS/Det_Max_v3/Max_Det/solution1/.autopilot/db/max_det.compgen.tcl 
Command     ap_source returned 0; 0.002 sec.
Execute     source C:/Users/User/Documents/sistema_de_posicionamiento_REVISAR/Nueva_carpeta2/Early_Adopter-Pos_System/Miguel_source/HLS/Det_Max_v3/Max_Det/solution1/.autopilot/db/global.setting.tcl 
Command     ap_source returned 0; 0.002 sec.
Execute     source C:/Users/User/Documents/sistema_de_posicionamiento_REVISAR/Nueva_carpeta2/Early_Adopter-Pos_System/Miguel_source/HLS/Det_Max_v3/Max_Det/solution1/.autopilot/db/max_det.constraint.tcl 
Command     ap_source returned 0; 0.002 sec.
Execute     source C:/Users/User/Documents/sistema_de_posicionamiento_REVISAR/Nueva_carpeta2/Early_Adopter-Pos_System/Miguel_source/HLS/Det_Max_v3/Max_Det/solution1/.autopilot/db/max_det.tbgen.tcl 
Command     ap_source returned 0; 0.002 sec.
Execute     source C:/Users/User/Documents/sistema_de_posicionamiento_REVISAR/Nueva_carpeta2/Early_Adopter-Pos_System/Miguel_source/HLS/Det_Max_v3/Max_Det/solution1/.autopilot/db/global.setting.tcl 
Command     ap_source returned 0; 0.003 sec.
Execute     source C:/Users/User/Documents/sistema_de_posicionamiento_REVISAR/Nueva_carpeta2/Early_Adopter-Pos_System/Miguel_source/HLS/Det_Max_v3/Max_Det/solution1/.autopilot/db/global.setting.tcl 
Command     ap_source returned 0; 0.002 sec.
Execute     source C:/Users/User/Documents/sistema_de_posicionamiento_REVISAR/Nueva_carpeta2/Early_Adopter-Pos_System/Miguel_source/HLS/Det_Max_v3/Max_Det/solution1/.autopilot/db/global.setting.tcl 
Command     ap_source returned 0; 0.002 sec.
Execute     source C:/Users/User/Documents/sistema_de_posicionamiento_REVISAR/Nueva_carpeta2/Early_Adopter-Pos_System/Miguel_source/HLS/Det_Max_v3/Max_Det/solution1/.autopilot/db/max_det.tbgen.tcl 
Command     ap_source returned 0; 0.002 sec.
Execute     source C:/Users/User/Documents/sistema_de_posicionamiento_REVISAR/Nueva_carpeta2/Early_Adopter-Pos_System/Miguel_source/HLS/Det_Max_v3/Max_Det/solution1/.autopilot/db/global.setting.tcl 
Command     ap_source returned 0; 0.002 sec.
Execute     source C:/Users/User/Documents/sistema_de_posicionamiento_REVISAR/Nueva_carpeta2/Early_Adopter-Pos_System/Miguel_source/HLS/Det_Max_v3/Max_Det/solution1/.autopilot/db/max_det.constraint.tcl 
Command     ap_source returned 0; 0.002 sec.
Execute     sc_get_clocks max_det 
Command     sc_get_clocks returned 0; 0 sec.
Execute     source C:/Users/User/Documents/sistema_de_posicionamiento_REVISAR/Nueva_carpeta2/Early_Adopter-Pos_System/Miguel_source/HLS/Det_Max_v3/Max_Det/solution1/.autopilot/db/global.setting.tcl 
Command     ap_source returned 0; 0.002 sec.
Execute     source C:/Users/User/Documents/sistema_de_posicionamiento_REVISAR/Nueva_carpeta2/Early_Adopter-Pos_System/Miguel_source/HLS/Det_Max_v3/Max_Det/solution1/.autopilot/db/max_det.tbgen.tcl 
Command     ap_source returned 0; 0.002 sec.
Execute     source C:/Users/User/Documents/sistema_de_posicionamiento_REVISAR/Nueva_carpeta2/Early_Adopter-Pos_System/Miguel_source/HLS/Det_Max_v3/Max_Det/solution1/.autopilot/db/global.setting.tcl 
Command     ap_source returned 0; 0.001 sec.
Execute     source C:/Users/User/Documents/sistema_de_posicionamiento_REVISAR/Nueva_carpeta2/Early_Adopter-Pos_System/Miguel_source/HLS/Det_Max_v3/Max_Det/solution1/.autopilot/db/global.setting.tcl 
Command     ap_source returned 0; 0.002 sec.
Execute     source C:/Users/User/Documents/sistema_de_posicionamiento_REVISAR/Nueva_carpeta2/Early_Adopter-Pos_System/Miguel_source/HLS/Det_Max_v3/Max_Det/solution1/.autopilot/db/max_det.rtl_wrap.cfg.tcl 
Command     ap_source returned 0; 0.003 sec.
Execute     source C:/Users/User/Documents/sistema_de_posicionamiento_REVISAR/Nueva_carpeta2/Early_Adopter-Pos_System/Miguel_source/HLS/Det_Max_v3/Max_Det/solution1/.autopilot/db/max_det.rtl_wrap.cfg.tcl 
Command     ap_source returned 0; 0.002 sec.
Execute     source C:/Users/User/Documents/sistema_de_posicionamiento_REVISAR/Nueva_carpeta2/Early_Adopter-Pos_System/Miguel_source/HLS/Det_Max_v3/Max_Det/solution1/.autopilot/db/max_det.rtl_wrap.cfg.tcl 
Command     ap_source returned 0; 0.002 sec.
Execute     source C:/Users/User/Documents/sistema_de_posicionamiento_REVISAR/Nueva_carpeta2/Early_Adopter-Pos_System/Miguel_source/HLS/Det_Max_v3/Max_Det/solution1/.autopilot/db/max_det.tbgen.tcl 
Command     ap_source returned 0; 0.002 sec.
Execute     source C:/Users/User/Documents/sistema_de_posicionamiento_REVISAR/Nueva_carpeta2/Early_Adopter-Pos_System/Miguel_source/HLS/Det_Max_v3/Max_Det/solution1/.autopilot/db/max_det.tbgen.tcl 
Command     ap_source returned 0; 0.002 sec.
Execute     source C:/Users/User/Documents/sistema_de_posicionamiento_REVISAR/Nueva_carpeta2/Early_Adopter-Pos_System/Miguel_source/HLS/Det_Max_v3/Max_Det/solution1/.autopilot/db/max_det.tbgen.tcl 
Command     ap_source returned 0; 0.002 sec.
Execute     source C:/Users/User/Documents/sistema_de_posicionamiento_REVISAR/Nueva_carpeta2/Early_Adopter-Pos_System/Miguel_source/HLS/Det_Max_v3/Max_Det/solution1/.autopilot/db/max_det.rtl_wrap.cfg.tcl 
Command     ap_source returned 0; 0.002 sec.
Execute     source C:/Users/User/Documents/sistema_de_posicionamiento_REVISAR/Nueva_carpeta2/Early_Adopter-Pos_System/Miguel_source/HLS/Det_Max_v3/Max_Det/solution1/.autopilot/db/max_det.rtl_wrap.cfg.tcl 
Command     ap_source returned 0; 0.002 sec.
Execute     source C:/Users/User/Documents/sistema_de_posicionamiento_REVISAR/Nueva_carpeta2/Early_Adopter-Pos_System/Miguel_source/HLS/Det_Max_v3/Max_Det/solution1/.autopilot/db/max_det.rtl_wrap.cfg.tcl 
Command     ap_source returned 0; 0.002 sec.
Execute     source C:/Users/User/Documents/sistema_de_posicionamiento_REVISAR/Nueva_carpeta2/Early_Adopter-Pos_System/Miguel_source/HLS/Det_Max_v3/Max_Det/solution1/.autopilot/db/max_det.tbgen.tcl 
Command     ap_source returned 0; 0.002 sec.
Execute     source C:/Users/User/Documents/sistema_de_posicionamiento_REVISAR/Nueva_carpeta2/Early_Adopter-Pos_System/Miguel_source/HLS/Det_Max_v3/Max_Det/solution1/.autopilot/db/max_det.tbgen.tcl 
Command     ap_source returned 0; 0.002 sec.
Execute     source C:/Users/User/Documents/sistema_de_posicionamiento_REVISAR/Nueva_carpeta2/Early_Adopter-Pos_System/Miguel_source/HLS/Det_Max_v3/Max_Det/solution1/.autopilot/db/global.setting.tcl 
Command     ap_source returned 0; 0.001 sec.
Execute     source C:/Users/User/Documents/sistema_de_posicionamiento_REVISAR/Nueva_carpeta2/Early_Adopter-Pos_System/Miguel_source/HLS/Det_Max_v3/Max_Det/solution1/.autopilot/db/max_det.tbgen.tcl 
Command     ap_source returned 0; 0.002 sec.
Execute     source C:/Users/User/Documents/sistema_de_posicionamiento_REVISAR/Nueva_carpeta2/Early_Adopter-Pos_System/Miguel_source/HLS/Det_Max_v3/Max_Det/solution1/.autopilot/db/global.setting.tcl 
Command     ap_source returned 0; 0.002 sec.
Execute     source C:/Users/User/Documents/sistema_de_posicionamiento_REVISAR/Nueva_carpeta2/Early_Adopter-Pos_System/Miguel_source/HLS/Det_Max_v3/Max_Det/solution1/.autopilot/db/max_det.constraint.tcl 
Command     ap_source returned 0; 0.002 sec.
Execute     source C:/Users/User/Documents/sistema_de_posicionamiento_REVISAR/Nueva_carpeta2/Early_Adopter-Pos_System/Miguel_source/HLS/Det_Max_v3/Max_Det/solution1/.autopilot/db/global.setting.tcl 
Command     ap_source returned 0; 0.002 sec.
Execute     source C:/Users/User/Documents/sistema_de_posicionamiento_REVISAR/Nueva_carpeta2/Early_Adopter-Pos_System/Miguel_source/HLS/Det_Max_v3/Max_Det/solution1/.autopilot/db/max_det.constraint.tcl 
Command     ap_source returned 0; 0.002 sec.
Execute     source C:/Users/User/Documents/sistema_de_posicionamiento_REVISAR/Nueva_carpeta2/Early_Adopter-Pos_System/Miguel_source/HLS/Det_Max_v3/Max_Det/solution1/.autopilot/db/max_det.tbgen.tcl 
Command     ap_source returned 0; 0.002 sec.
Execute     source C:/Users/User/Documents/sistema_de_posicionamiento_REVISAR/Nueva_carpeta2/Early_Adopter-Pos_System/Miguel_source/HLS/Det_Max_v3/Max_Det/solution1/.autopilot/db/global.setting.tcl 
Command     ap_source returned 0; 0.001 sec.
Execute     source C:/Xilinx/Vivado/2017.4/common/technology/generic/autopilot/common.gen 
Execute       source C:/Xilinx/Vivado/2017.4/common/technology/generic/autopilot/APCoreGen.gen 
Command       ap_source returned 0; 0.001 sec.
Command     ap_source returned 0; 0.001 sec.
Execute     source C:/Xilinx/Vivado/2017.4/common/technology/generic/autopilot/op.gen 
Command     ap_source returned 0; 0 sec.
Execute     source C:/Xilinx/Vivado/2017.4/common/technology/generic/autopilot/op_simcore.gen 
Command     ap_source returned 0; 0.001 sec.
Execute     source C:/Xilinx/Vivado/2017.4/common/technology/generic/autopilot/interface.gen 
Command     ap_source returned 0; 0 sec.
Execute     source C:/Users/User/Documents/sistema_de_posicionamiento_REVISAR/Nueva_carpeta2/Early_Adopter-Pos_System/Miguel_source/HLS/Det_Max_v3/Max_Det/solution1/.autopilot/db/global.setting.tcl 
Command     ap_source returned 0; 0.002 sec.
Execute     source C:/Xilinx/Vivado/2017.4/common/technology/xilinx/zynq/zynq.gen 
Execute       source C:/Xilinx/Vivado/2017.4/common/technology/xilinx/common/virtex.gen 
Execute         source C:/Xilinx/Vivado/2017.4/common/technology/xilinx/common/xilinx.gen 
Execute           source C:/Xilinx/Vivado/2017.4/common/technology/xilinx/interface/plb46.gen 
Command           ap_source returned 0; 0.002 sec.
Execute           source C:/Xilinx/Vivado/2017.4/common/technology/xilinx/interface/fsl.gen 
Command           ap_source returned 0; 0 sec.
Execute           source C:/Xilinx/Vivado/2017.4/common/technology/xilinx/interface/axi4.gen 
Command           ap_source returned 0; 0.003 sec.
Execute           source C:/Xilinx/Vivado/2017.4/common/technology/xilinx/interface/nativeAXI4.gen 
Execute             source C:/Xilinx/Vivado/2017.4/common/technology/xilinx/interface/saxilite.gen 
Command             ap_source returned 0; 0.003 sec.
Execute             source C:/Xilinx/Vivado/2017.4/common/technology/xilinx/interface/maxi.gen 
Command             ap_source returned 0; 0.005 sec.
Command           ap_source returned 0; 0.008 sec.
Execute           source C:/Xilinx/Vivado/2017.4/common/technology/xilinx/scripts/xilinxcoregen.gen 
Command           ap_source returned 0; 0.008 sec.
Execute           source C:/Xilinx/Vivado/2017.4/common/technology/xilinx/interface/XilEDKCoreGen.gen 
Command           ap_source returned 0; 0.007 sec.
Execute           source C:/Xilinx/Vivado/2017.4/common/technology/xilinx/ip/dds_compiler.gen 
Command           ap_source returned 0; 0.003 sec.
Execute           source C:/Xilinx/Vivado/2017.4/common/technology/xilinx/ip/util.gen 
Command           ap_source returned 0; 0.001 sec.
Execute           source C:/Xilinx/Vivado/2017.4/common/technology/xilinx/ip/xfft.gen 
Command           ap_source returned 0; 0.065 sec.
Execute           source C:/Xilinx/Vivado/2017.4/common/technology/xilinx/ip/xfir.gen 
Command           ap_source returned 0; 0.001 sec.
Command         ap_source returned 0; 0.098 sec.
Execute         source C:/Xilinx/Vivado/2017.4/common/technology/xilinx/common/dsp48.gen 
Command         ap_source returned 0; 0.001 sec.
Command       ap_source returned 0; 0.101 sec.
Command     ap_source returned 0; 0.102 sec.
Execute     source C:/Xilinx/Vivado/2017.4/common/technology/xilinx/zynq/zynq_fpv6.gen 
Execute       source C:/Xilinx/Vivado/2017.4/common/technology/xilinx/common/xilinx_fpv6.gen 
Command       ap_source returned 0; 0.002 sec.
Command     ap_source returned 0; 0.004 sec.
Execute     source C:/Users/User/Documents/sistema_de_posicionamiento_REVISAR/Nueva_carpeta2/Early_Adopter-Pos_System/Miguel_source/HLS/Det_Max_v3/Max_Det/solution1/.autopilot/db/global.setting.tcl 
Command     ap_source returned 0; 0.002 sec.
Execute     source C:/Xilinx/Vivado/2017.4/common/technology/generic/autopilot/common.gen 
Execute       source C:/Xilinx/Vivado/2017.4/common/technology/generic/autopilot/APCoreGen.gen 
Command       ap_source returned 0; 0.001 sec.
Command     ap_source returned 0; 0.002 sec.
Execute     source C:/Xilinx/Vivado/2017.4/common/technology/generic/autopilot/op.gen 
Command     ap_source returned 0; 0.001 sec.
Execute     source C:/Xilinx/Vivado/2017.4/common/technology/generic/autopilot/op_simcore.gen 
Command     ap_source returned 0; 0.002 sec.
Execute     source C:/Xilinx/Vivado/2017.4/common/technology/generic/autopilot/interface.gen 
Command     ap_source returned 0; 0 sec.
Execute     source C:/Users/User/Documents/sistema_de_posicionamiento_REVISAR/Nueva_carpeta2/Early_Adopter-Pos_System/Miguel_source/HLS/Det_Max_v3/Max_Det/solution1/.autopilot/db/global.setting.tcl 
Command     ap_source returned 0; 0.002 sec.
Execute     source C:/Xilinx/Vivado/2017.4/common/technology/xilinx/zynq/zynq.gen 
Execute       source C:/Xilinx/Vivado/2017.4/common/technology/xilinx/common/virtex.gen 
Execute         source C:/Xilinx/Vivado/2017.4/common/technology/xilinx/common/xilinx.gen 
Execute           source C:/Xilinx/Vivado/2017.4/common/technology/xilinx/interface/plb46.gen 
Command           ap_source returned 0; 0.001 sec.
Execute           source C:/Xilinx/Vivado/2017.4/common/technology/xilinx/interface/fsl.gen 
Command           ap_source returned 0; 0.001 sec.
Execute           source C:/Xilinx/Vivado/2017.4/common/technology/xilinx/interface/axi4.gen 
Command           ap_source returned 0; 0.002 sec.
Execute           source C:/Xilinx/Vivado/2017.4/common/technology/xilinx/interface/nativeAXI4.gen 
Execute             source C:/Xilinx/Vivado/2017.4/common/technology/xilinx/interface/saxilite.gen 
Command             ap_source returned 0; 0.003 sec.
Execute             source C:/Xilinx/Vivado/2017.4/common/technology/xilinx/interface/maxi.gen 
Command             ap_source returned 0; 0.005 sec.
Command           ap_source returned 0; 0.008 sec.
Execute           source C:/Xilinx/Vivado/2017.4/common/technology/xilinx/scripts/xilinxcoregen.gen 
Command           ap_source returned 0; 0.009 sec.
Execute           source C:/Xilinx/Vivado/2017.4/common/technology/xilinx/interface/XilEDKCoreGen.gen 
Command           ap_source returned 0; 0.006 sec.
Execute           source C:/Xilinx/Vivado/2017.4/common/technology/xilinx/ip/dds_compiler.gen 
Command           ap_source returned 0; 0.003 sec.
Execute           source C:/Xilinx/Vivado/2017.4/common/technology/xilinx/ip/util.gen 
Command           ap_source returned 0; 0.001 sec.
Execute           source C:/Xilinx/Vivado/2017.4/common/technology/xilinx/ip/xfft.gen 
Command           ap_source returned 0; 0.065 sec.
Execute           source C:/Xilinx/Vivado/2017.4/common/technology/xilinx/ip/xfir.gen 
Command           ap_source returned 0; 0.001 sec.
Command         ap_source returned 0; 0.098 sec.
Execute         source C:/Xilinx/Vivado/2017.4/common/technology/xilinx/common/dsp48.gen 
Command         ap_source returned 0; 0.001 sec.
Command       ap_source returned 0; 0.102 sec.
Command     ap_source returned 0; 0.102 sec.
Execute     source C:/Xilinx/Vivado/2017.4/common/technology/xilinx/zynq/zynq_fpv6.gen 
Execute       source C:/Xilinx/Vivado/2017.4/common/technology/xilinx/common/xilinx_fpv6.gen 
Command       ap_source returned 0; 0.002 sec.
Command     ap_source returned 0; 0.002 sec.
Execute     source C:/Users/User/Documents/sistema_de_posicionamiento_REVISAR/Nueva_carpeta2/Early_Adopter-Pos_System/Miguel_source/HLS/Det_Max_v3/Max_Det/solution1/.autopilot/db/global.setting.tcl 
Command     ap_source returned 0; 0.003 sec.
Execute     source C:/Users/User/Documents/sistema_de_posicionamiento_REVISAR/Nueva_carpeta2/Early_Adopter-Pos_System/Miguel_source/HLS/Det_Max_v3/Max_Det/solution1/.autopilot/db/global.setting.tcl 
Command     ap_source returned 0; 0.002 sec.
Execute     source C:/Users/User/Documents/sistema_de_posicionamiento_REVISAR/Nueva_carpeta2/Early_Adopter-Pos_System/Miguel_source/HLS/Det_Max_v3/Max_Det/solution1/.autopilot/db/global.setting.tcl 
Command     ap_source returned 0; 0.002 sec.
Execute     source C:/Xilinx/Vivado/2017.4/common/technology/generic/autopilot/common.gen 
Execute       source C:/Xilinx/Vivado/2017.4/common/technology/generic/autopilot/APCoreGen.gen 
Command       ap_source returned 0; 0.001 sec.
Command     ap_source returned 0; 0.001 sec.
Execute     source C:/Xilinx/Vivado/2017.4/common/technology/generic/autopilot/op.gen 
Command     ap_source returned 0; 0.001 sec.
Execute     source C:/Xilinx/Vivado/2017.4/common/technology/generic/autopilot/op_simcore.gen 
Command     ap_source returned 0; 0.001 sec.
Execute     source C:/Xilinx/Vivado/2017.4/common/technology/generic/autopilot/interface.gen 
Command     ap_source returned 0; 0 sec.
Execute     source C:/Users/User/Documents/sistema_de_posicionamiento_REVISAR/Nueva_carpeta2/Early_Adopter-Pos_System/Miguel_source/HLS/Det_Max_v3/Max_Det/solution1/.autopilot/db/global.setting.tcl 
Command     ap_source returned 0; 0.002 sec.
Execute     source C:/Xilinx/Vivado/2017.4/common/technology/xilinx/zynq/zynq.gen 
Execute       source C:/Xilinx/Vivado/2017.4/common/technology/xilinx/common/virtex.gen 
Execute         source C:/Xilinx/Vivado/2017.4/common/technology/xilinx/common/xilinx.gen 
Execute           source C:/Xilinx/Vivado/2017.4/common/technology/xilinx/interface/plb46.gen 
Command           ap_source returned 0; 0.001 sec.
Execute           source C:/Xilinx/Vivado/2017.4/common/technology/xilinx/interface/fsl.gen 
Command           ap_source returned 0; 0.001 sec.
Execute           source C:/Xilinx/Vivado/2017.4/common/technology/xilinx/interface/axi4.gen 
Command           ap_source returned 0; 0.002 sec.
Execute           source C:/Xilinx/Vivado/2017.4/common/technology/xilinx/interface/nativeAXI4.gen 
Execute             source C:/Xilinx/Vivado/2017.4/common/technology/xilinx/interface/saxilite.gen 
Command             ap_source returned 0; 0.003 sec.
Execute             source C:/Xilinx/Vivado/2017.4/common/technology/xilinx/interface/maxi.gen 
Command             ap_source returned 0; 0.005 sec.
Command           ap_source returned 0; 0.008 sec.
Execute           source C:/Xilinx/Vivado/2017.4/common/technology/xilinx/scripts/xilinxcoregen.gen 
Command           ap_source returned 0; 0.009 sec.
Execute           source C:/Xilinx/Vivado/2017.4/common/technology/xilinx/interface/XilEDKCoreGen.gen 
Command           ap_source returned 0; 0.006 sec.
Execute           source C:/Xilinx/Vivado/2017.4/common/technology/xilinx/ip/dds_compiler.gen 
Command           ap_source returned 0; 0.003 sec.
Execute           source C:/Xilinx/Vivado/2017.4/common/technology/xilinx/ip/util.gen 
Command           ap_source returned 0; 0.001 sec.
Execute           source C:/Xilinx/Vivado/2017.4/common/technology/xilinx/ip/xfft.gen 
Command           ap_source returned 0; 0.062 sec.
Execute           source C:/Xilinx/Vivado/2017.4/common/technology/xilinx/ip/xfir.gen 
Command           ap_source returned 0; 0.002 sec.
Command         ap_source returned 0; 0.095 sec.
Execute         source C:/Xilinx/Vivado/2017.4/common/technology/xilinx/common/dsp48.gen 
Command         ap_source returned 0; 0.001 sec.
Command       ap_source returned 0; 0.098 sec.
Command     ap_source returned 0; 0.099 sec.
Execute     source C:/Xilinx/Vivado/2017.4/common/technology/xilinx/zynq/zynq_fpv6.gen 
Execute       source C:/Xilinx/Vivado/2017.4/common/technology/xilinx/common/xilinx_fpv6.gen 
Command       ap_source returned 0; 0.002 sec.
Command     ap_source returned 0; 0.002 sec.
Execute     source C:/Users/User/Documents/sistema_de_posicionamiento_REVISAR/Nueva_carpeta2/Early_Adopter-Pos_System/Miguel_source/HLS/Det_Max_v3/Max_Det/solution1/.autopilot/db/global.setting.tcl 
Command     ap_source returned 0; 0.003 sec.
Execute     source C:/Users/User/Documents/sistema_de_posicionamiento_REVISAR/Nueva_carpeta2/Early_Adopter-Pos_System/Miguel_source/HLS/Det_Max_v3/Max_Det/solution1/.autopilot/db/max_det.compgen.tcl 
Command     ap_source returned 0; 0.002 sec.
Execute     source C:/Users/User/Documents/sistema_de_posicionamiento_REVISAR/Nueva_carpeta2/Early_Adopter-Pos_System/Miguel_source/HLS/Det_Max_v3/Max_Det/solution1/.autopilot/db/global.setting.tcl 
Command     ap_source returned 0; 0.002 sec.
Execute     source C:/Users/User/Documents/sistema_de_posicionamiento_REVISAR/Nueva_carpeta2/Early_Adopter-Pos_System/Miguel_source/HLS/Det_Max_v3/Max_Det/solution1/.autopilot/db/max_det.constraint.tcl 
Command     ap_source returned 0; 0.002 sec.
Execute     source C:/Users/User/Documents/sistema_de_posicionamiento_REVISAR/Nueva_carpeta2/Early_Adopter-Pos_System/Miguel_source/HLS/Det_Max_v3/Max_Det/solution1/.autopilot/db/max_det.tbgen.tcl 
Command     ap_source returned 0; 0.002 sec.
Execute     source C:/Users/User/Documents/sistema_de_posicionamiento_REVISAR/Nueva_carpeta2/Early_Adopter-Pos_System/Miguel_source/HLS/Det_Max_v3/Max_Det/solution1/.autopilot/db/global.setting.tcl 
Command     ap_source returned 0; 0.002 sec.
Execute     source C:/Xilinx/Vivado/2017.4/common/technology/generic/autopilot/common.gen 
Execute       source C:/Xilinx/Vivado/2017.4/common/technology/generic/autopilot/APCoreGen.gen 
Command       ap_source returned 0; 0.001 sec.
Command     ap_source returned 0; 0.002 sec.
Execute     source C:/Xilinx/Vivado/2017.4/common/technology/generic/autopilot/op.gen 
Command     ap_source returned 0; 0.001 sec.
Execute     source C:/Xilinx/Vivado/2017.4/common/technology/generic/autopilot/op_simcore.gen 
Command     ap_source returned 0; 0.001 sec.
Execute     source C:/Xilinx/Vivado/2017.4/common/technology/generic/autopilot/interface.gen 
Command     ap_source returned 0; 0.001 sec.
Execute     source C:/Users/User/Documents/sistema_de_posicionamiento_REVISAR/Nueva_carpeta2/Early_Adopter-Pos_System/Miguel_source/HLS/Det_Max_v3/Max_Det/solution1/.autopilot/db/global.setting.tcl 
Command     ap_source returned 0; 0.002 sec.
Execute     source C:/Xilinx/Vivado/2017.4/common/technology/xilinx/zynq/zynq.gen 
Execute       source C:/Xilinx/Vivado/2017.4/common/technology/xilinx/common/virtex.gen 
Execute         source C:/Xilinx/Vivado/2017.4/common/technology/xilinx/common/xilinx.gen 
Execute           source C:/Xilinx/Vivado/2017.4/common/technology/xilinx/interface/plb46.gen 
Command           ap_source returned 0; 0.001 sec.
Execute           source C:/Xilinx/Vivado/2017.4/common/technology/xilinx/interface/fsl.gen 
Command           ap_source returned 0; 0.001 sec.
Execute           source C:/Xilinx/Vivado/2017.4/common/technology/xilinx/interface/axi4.gen 
Command           ap_source returned 0; 0.002 sec.
Execute           source C:/Xilinx/Vivado/2017.4/common/technology/xilinx/interface/nativeAXI4.gen 
Execute             source C:/Xilinx/Vivado/2017.4/common/technology/xilinx/interface/saxilite.gen 
Command             ap_source returned 0; 0.003 sec.
Execute             source C:/Xilinx/Vivado/2017.4/common/technology/xilinx/interface/maxi.gen 
Command             ap_source returned 0; 0.006 sec.
Command           ap_source returned 0; 0.009 sec.
Execute           source C:/Xilinx/Vivado/2017.4/common/technology/xilinx/scripts/xilinxcoregen.gen 
Command           ap_source returned 0; 0.008 sec.
Execute           source C:/Xilinx/Vivado/2017.4/common/technology/xilinx/interface/XilEDKCoreGen.gen 
Command           ap_source returned 0; 0.006 sec.
Execute           source C:/Xilinx/Vivado/2017.4/common/technology/xilinx/ip/dds_compiler.gen 
Command           ap_source returned 0; 0.003 sec.
Execute           source C:/Xilinx/Vivado/2017.4/common/technology/xilinx/ip/util.gen 
Command           ap_source returned 0; 0.001 sec.
Execute           source C:/Xilinx/Vivado/2017.4/common/technology/xilinx/ip/xfft.gen 
Command           ap_source returned 0; 0.063 sec.
Execute           source C:/Xilinx/Vivado/2017.4/common/technology/xilinx/ip/xfir.gen 
Command           ap_source returned 0; 0.001 sec.
Command         ap_source returned 0; 0.096 sec.
Execute         source C:/Xilinx/Vivado/2017.4/common/technology/xilinx/common/dsp48.gen 
Command         ap_source returned 0; 0.001 sec.
Command       ap_source returned 0; 0.099 sec.
Command     ap_source returned 0; 0.099 sec.
Execute     source C:/Xilinx/Vivado/2017.4/common/technology/xilinx/zynq/zynq_fpv6.gen 
Execute       source C:/Xilinx/Vivado/2017.4/common/technology/xilinx/common/xilinx_fpv6.gen 
Command       ap_source returned 0; 0.001 sec.
Command     ap_source returned 0; 0.002 sec.
Execute     source C:/Users/User/Documents/sistema_de_posicionamiento_REVISAR/Nueva_carpeta2/Early_Adopter-Pos_System/Miguel_source/HLS/Det_Max_v3/Max_Det/solution1/.autopilot/db/global.setting.tcl 
Command     ap_source returned 0; 0.002 sec.
Execute     source C:/Users/User/Documents/sistema_de_posicionamiento_REVISAR/Nueva_carpeta2/Early_Adopter-Pos_System/Miguel_source/HLS/Det_Max_v3/Max_Det/solution1/.autopilot/db/global.setting.tcl 
Command     ap_source returned 0; 0.002 sec.
Execute     source C:/Xilinx/Vivado/2017.4/common/technology/generic/autopilot/common.gen 
Execute       source C:/Xilinx/Vivado/2017.4/common/technology/generic/autopilot/APCoreGen.gen 
Command       ap_source returned 0; 0.001 sec.
Command     ap_source returned 0; 0.002 sec.
Execute     source C:/Xilinx/Vivado/2017.4/common/technology/generic/autopilot/op.gen 
Command     ap_source returned 0; 0.001 sec.
Execute     source C:/Xilinx/Vivado/2017.4/common/technology/generic/autopilot/op_simcore.gen 
Command     ap_source returned 0; 0.001 sec.
Execute     source C:/Xilinx/Vivado/2017.4/common/technology/generic/autopilot/interface.gen 
Command     ap_source returned 0; 0 sec.
Execute     source C:/Users/User/Documents/sistema_de_posicionamiento_REVISAR/Nueva_carpeta2/Early_Adopter-Pos_System/Miguel_source/HLS/Det_Max_v3/Max_Det/solution1/.autopilot/db/global.setting.tcl 
Command     ap_source returned 0; 0.002 sec.
Execute     source C:/Xilinx/Vivado/2017.4/common/technology/xilinx/zynq/zynq.gen 
Execute       source C:/Xilinx/Vivado/2017.4/common/technology/xilinx/common/virtex.gen 
Execute         source C:/Xilinx/Vivado/2017.4/common/technology/xilinx/common/xilinx.gen 
Execute           source C:/Xilinx/Vivado/2017.4/common/technology/xilinx/interface/plb46.gen 
Command           ap_source returned 0; 0.002 sec.
Execute           source C:/Xilinx/Vivado/2017.4/common/technology/xilinx/interface/fsl.gen 
Command           ap_source returned 0; 0 sec.
Execute           source C:/Xilinx/Vivado/2017.4/common/technology/xilinx/interface/axi4.gen 
Command           ap_source returned 0; 0.002 sec.
Execute           source C:/Xilinx/Vivado/2017.4/common/technology/xilinx/interface/nativeAXI4.gen 
Execute             source C:/Xilinx/Vivado/2017.4/common/technology/xilinx/interface/saxilite.gen 
Command             ap_source returned 0; 0.003 sec.
Execute             source C:/Xilinx/Vivado/2017.4/common/technology/xilinx/interface/maxi.gen 
Command             ap_source returned 0; 0.006 sec.
Command           ap_source returned 0; 0.009 sec.
Execute           source C:/Xilinx/Vivado/2017.4/common/technology/xilinx/scripts/xilinxcoregen.gen 
Command           ap_source returned 0; 0.008 sec.
Execute           source C:/Xilinx/Vivado/2017.4/common/technology/xilinx/interface/XilEDKCoreGen.gen 
Command           ap_source returned 0; 0.006 sec.
Execute           source C:/Xilinx/Vivado/2017.4/common/technology/xilinx/ip/dds_compiler.gen 
Command           ap_source returned 0; 0.003 sec.
Execute           source C:/Xilinx/Vivado/2017.4/common/technology/xilinx/ip/util.gen 
Command           ap_source returned 0; 0 sec.
Execute           source C:/Xilinx/Vivado/2017.4/common/technology/xilinx/ip/xfft.gen 
Command           ap_source returned 0; 0.063 sec.
Execute           source C:/Xilinx/Vivado/2017.4/common/technology/xilinx/ip/xfir.gen 
Command           ap_source returned 0; 0.001 sec.
Command         ap_source returned 0; 0.094 sec.
Execute         source C:/Xilinx/Vivado/2017.4/common/technology/xilinx/common/dsp48.gen 
Command         ap_source returned 0; 0 sec.
Command       ap_source returned 0; 0.097 sec.
Command     ap_source returned 0; 0.097 sec.
Execute     source C:/Xilinx/Vivado/2017.4/common/technology/xilinx/zynq/zynq_fpv6.gen 
Execute       source C:/Xilinx/Vivado/2017.4/common/technology/xilinx/common/xilinx_fpv6.gen 
Command       ap_source returned 0; 0.002 sec.
Command     ap_source returned 0; 0.002 sec.
Execute     source C:/Users/User/Documents/sistema_de_posicionamiento_REVISAR/Nueva_carpeta2/Early_Adopter-Pos_System/Miguel_source/HLS/Det_Max_v3/Max_Det/solution1/.autopilot/db/global.setting.tcl 
Command     ap_source returned 0; 0.002 sec.
Execute     source C:/Users/User/Documents/sistema_de_posicionamiento_REVISAR/Nueva_carpeta2/Early_Adopter-Pos_System/Miguel_source/HLS/Det_Max_v3/Max_Det/solution1/.autopilot/db/global.setting.tcl 
Command     ap_source returned 0; 0.002 sec.
Execute     source C:/Users/User/Documents/sistema_de_posicionamiento_REVISAR/Nueva_carpeta2/Early_Adopter-Pos_System/Miguel_source/HLS/Det_Max_v3/Max_Det/solution1/.autopilot/db/global.setting.tcl 
Command     ap_source returned 0; 0.002 sec.
Execute     source C:/Xilinx/Vivado/2017.4/common/technology/generic/autopilot/common.gen 
Execute       source C:/Xilinx/Vivado/2017.4/common/technology/generic/autopilot/APCoreGen.gen 
Command       ap_source returned 0; 0 sec.
Command     ap_source returned 0; 0.002 sec.
Execute     source C:/Xilinx/Vivado/2017.4/common/technology/generic/autopilot/op.gen 
Command     ap_source returned 0; 0 sec.
Execute     source C:/Xilinx/Vivado/2017.4/common/technology/generic/autopilot/op_simcore.gen 
Command     ap_source returned 0; 0.001 sec.
Execute     source C:/Xilinx/Vivado/2017.4/common/technology/generic/autopilot/interface.gen 
Command     ap_source returned 0; 0 sec.
Execute     source C:/Users/User/Documents/sistema_de_posicionamiento_REVISAR/Nueva_carpeta2/Early_Adopter-Pos_System/Miguel_source/HLS/Det_Max_v3/Max_Det/solution1/.autopilot/db/global.setting.tcl 
Command     ap_source returned 0; 0.002 sec.
Execute     source C:/Xilinx/Vivado/2017.4/common/technology/xilinx/zynq/zynq.gen 
Execute       source C:/Xilinx/Vivado/2017.4/common/technology/xilinx/common/virtex.gen 
Execute         source C:/Xilinx/Vivado/2017.4/common/technology/xilinx/common/xilinx.gen 
Execute           source C:/Xilinx/Vivado/2017.4/common/technology/xilinx/interface/plb46.gen 
Command           ap_source returned 0; 0.001 sec.
Execute           source C:/Xilinx/Vivado/2017.4/common/technology/xilinx/interface/fsl.gen 
Command           ap_source returned 0; 0.001 sec.
Execute           source C:/Xilinx/Vivado/2017.4/common/technology/xilinx/interface/axi4.gen 
Command           ap_source returned 0; 0.002 sec.
Execute           source C:/Xilinx/Vivado/2017.4/common/technology/xilinx/interface/nativeAXI4.gen 
Execute             source C:/Xilinx/Vivado/2017.4/common/technology/xilinx/interface/saxilite.gen 
Command             ap_source returned 0; 0.003 sec.
Execute             source C:/Xilinx/Vivado/2017.4/common/technology/xilinx/interface/maxi.gen 
Command             ap_source returned 0; 0.005 sec.
Command           ap_source returned 0; 0.009 sec.
Execute           source C:/Xilinx/Vivado/2017.4/common/technology/xilinx/scripts/xilinxcoregen.gen 
Command           ap_source returned 0; 0.008 sec.
Execute           source C:/Xilinx/Vivado/2017.4/common/technology/xilinx/interface/XilEDKCoreGen.gen 
Command           ap_source returned 0; 0.006 sec.
Execute           source C:/Xilinx/Vivado/2017.4/common/technology/xilinx/ip/dds_compiler.gen 
Command           ap_source returned 0; 0.003 sec.
Execute           source C:/Xilinx/Vivado/2017.4/common/technology/xilinx/ip/util.gen 
Command           ap_source returned 0; 0 sec.
Execute           source C:/Xilinx/Vivado/2017.4/common/technology/xilinx/ip/xfft.gen 
Command           ap_source returned 0; 0.063 sec.
Execute           source C:/Xilinx/Vivado/2017.4/common/technology/xilinx/ip/xfir.gen 
Command           ap_source returned 0; 0.002 sec.
Command         ap_source returned 0; 0.096 sec.
Execute         source C:/Xilinx/Vivado/2017.4/common/technology/xilinx/common/dsp48.gen 
Command         ap_source returned 0; 0.001 sec.
Command       ap_source returned 0; 0.098 sec.
Command     ap_source returned 0; 0.099 sec.
Execute     source C:/Xilinx/Vivado/2017.4/common/technology/xilinx/zynq/zynq_fpv6.gen 
Execute       source C:/Xilinx/Vivado/2017.4/common/technology/xilinx/common/xilinx_fpv6.gen 
Command       ap_source returned 0; 0.002 sec.
Command     ap_source returned 0; 0.003 sec.
Execute     source C:/Users/User/Documents/sistema_de_posicionamiento_REVISAR/Nueva_carpeta2/Early_Adopter-Pos_System/Miguel_source/HLS/Det_Max_v3/Max_Det/solution1/.autopilot/db/global.setting.tcl 
Command     ap_source returned 0; 0.002 sec.
Execute     source C:/Users/User/Documents/sistema_de_posicionamiento_REVISAR/Nueva_carpeta2/Early_Adopter-Pos_System/Miguel_source/HLS/Det_Max_v3/Max_Det/solution1/.autopilot/db/max_det.compgen.tcl 
Command     ap_source returned 0; 0.002 sec.
Execute     source C:/Users/User/Documents/sistema_de_posicionamiento_REVISAR/Nueva_carpeta2/Early_Adopter-Pos_System/Miguel_source/HLS/Det_Max_v3/Max_Det/solution1/.autopilot/db/global.setting.tcl 
Command     ap_source returned 0; 0.002 sec.
Execute     source C:/Users/User/Documents/sistema_de_posicionamiento_REVISAR/Nueva_carpeta2/Early_Adopter-Pos_System/Miguel_source/HLS/Det_Max_v3/Max_Det/solution1/.autopilot/db/max_det.constraint.tcl 
Command     ap_source returned 0; 0.002 sec.
Execute     source C:/Users/User/Documents/sistema_de_posicionamiento_REVISAR/Nueva_carpeta2/Early_Adopter-Pos_System/Miguel_source/HLS/Det_Max_v3/Max_Det/solution1/.autopilot/db/max_det.tbgen.tcl 
Command     ap_source returned 0; 0.002 sec.
Execute     source C:/Users/User/Documents/sistema_de_posicionamiento_REVISAR/Nueva_carpeta2/Early_Adopter-Pos_System/Miguel_source/HLS/Det_Max_v3/Max_Det/solution1/.autopilot/db/global.setting.tcl 
Command     ap_source returned 0; 0.002 sec.
Execute     source C:/Xilinx/Vivado/2017.4/common/technology/generic/autopilot/common.gen 
Execute       source C:/Xilinx/Vivado/2017.4/common/technology/generic/autopilot/APCoreGen.gen 
Command       ap_source returned 0; 0.001 sec.
Command     ap_source returned 0; 0.002 sec.
Execute     source C:/Xilinx/Vivado/2017.4/common/technology/generic/autopilot/op.gen 
Command     ap_source returned 0; 0.001 sec.
Execute     source C:/Xilinx/Vivado/2017.4/common/technology/generic/autopilot/op_simcore.gen 
Command     ap_source returned 0; 0.001 sec.
Execute     source C:/Xilinx/Vivado/2017.4/common/technology/generic/autopilot/interface.gen 
Command     ap_source returned 0; 0.001 sec.
Execute     source C:/Users/User/Documents/sistema_de_posicionamiento_REVISAR/Nueva_carpeta2/Early_Adopter-Pos_System/Miguel_source/HLS/Det_Max_v3/Max_Det/solution1/.autopilot/db/global.setting.tcl 
Command     ap_source returned 0; 0.002 sec.
Execute     source C:/Xilinx/Vivado/2017.4/common/technology/xilinx/zynq/zynq.gen 
Execute       source C:/Xilinx/Vivado/2017.4/common/technology/xilinx/common/virtex.gen 
Execute         source C:/Xilinx/Vivado/2017.4/common/technology/xilinx/common/xilinx.gen 
Execute           source C:/Xilinx/Vivado/2017.4/common/technology/xilinx/interface/plb46.gen 
Command           ap_source returned 0; 0.001 sec.
Execute           source C:/Xilinx/Vivado/2017.4/common/technology/xilinx/interface/fsl.gen 
Command           ap_source returned 0; 0.001 sec.
Execute           source C:/Xilinx/Vivado/2017.4/common/technology/xilinx/interface/axi4.gen 
Command           ap_source returned 0; 0.002 sec.
Execute           source C:/Xilinx/Vivado/2017.4/common/technology/xilinx/interface/nativeAXI4.gen 
Execute             source C:/Xilinx/Vivado/2017.4/common/technology/xilinx/interface/saxilite.gen 
Command             ap_source returned 0; 0.003 sec.
Execute             source C:/Xilinx/Vivado/2017.4/common/technology/xilinx/interface/maxi.gen 
Command             ap_source returned 0; 0.006 sec.
Command           ap_source returned 0; 0.009 sec.
Execute           source C:/Xilinx/Vivado/2017.4/common/technology/xilinx/scripts/xilinxcoregen.gen 
Command           ap_source returned 0; 0.008 sec.
Execute           source C:/Xilinx/Vivado/2017.4/common/technology/xilinx/interface/XilEDKCoreGen.gen 
Command           ap_source returned 0; 0.006 sec.
Execute           source C:/Xilinx/Vivado/2017.4/common/technology/xilinx/ip/dds_compiler.gen 
Command           ap_source returned 0; 0.003 sec.
Execute           source C:/Xilinx/Vivado/2017.4/common/technology/xilinx/ip/util.gen 
Command           ap_source returned 0; 0.001 sec.
Execute           source C:/Xilinx/Vivado/2017.4/common/technology/xilinx/ip/xfft.gen 
Command           ap_source returned 0; 0.063 sec.
Execute           source C:/Xilinx/Vivado/2017.4/common/technology/xilinx/ip/xfir.gen 
Command           ap_source returned 0; 0.001 sec.
Command         ap_source returned 0; 0.096 sec.
Execute         source C:/Xilinx/Vivado/2017.4/common/technology/xilinx/common/dsp48.gen 
Command         ap_source returned 0; 0.001 sec.
Command       ap_source returned 0; 0.099 sec.
Command     ap_source returned 0; 0.1 sec.
Execute     source C:/Xilinx/Vivado/2017.4/common/technology/xilinx/zynq/zynq_fpv6.gen 
Execute       source C:/Xilinx/Vivado/2017.4/common/technology/xilinx/common/xilinx_fpv6.gen 
Command       ap_source returned 0; 0.001 sec.
Command     ap_source returned 0; 0.002 sec.
Execute     source C:/Users/User/Documents/sistema_de_posicionamiento_REVISAR/Nueva_carpeta2/Early_Adopter-Pos_System/Miguel_source/HLS/Det_Max_v3/Max_Det/solution1/.autopilot/db/global.setting.tcl 
Command     ap_source returned 0; 0.002 sec.
Command   export_design returned 0; 31.186 sec.
Command ap_source returned 0; 31.448 sec.
Execute cleanup_all 
Command cleanup_all returned 0; 0 sec.
